生成启动时间为 2018/4/16 10:40:02。
     1>项目“D:\A通讯\TCPIP转ADS\comm\comm.vcxproj”在节点 2 上(Build 个目标)。
     1>ClCompile:
         C:\Program Files (x86)\Microsoft Visual Studio 12.0\VC\bin\CL.exe /c /Zi /nologo /W3 /WX- /sdl /O2 /Oi /Oy- /GL /D _MBCS /Gm- /EHsc /MD /GS /Gy /fp:precise /Zc:wchar_t /Zc:forScope /Fo"Release\\" /Fd"Release\vc120.pdb" /Gd /TP /analyze- /errorReport:prompt ..\angle\angle.cpp main.cpp ThreadX.cpp
         angle.cpp
     1>..\angle\angle.cpp(181): warning C4244: “=”: 从“double”转换到“float”，可能丢失数据
         main.cpp
     1>main.cpp(432): warning C4018: “<”: 有符号/无符号不匹配
         ThreadX.cpp
       Link:
         C:\Program Files (x86)\Microsoft Visual Studio 12.0\VC\bin\link.exe /ERRORREPORT:PROMPT /OUT:"D:\A通讯\TCPIP转ADS\Release\comm.exe" /NOLOGO kernel32.lib user32.lib gdi32.lib winspool.lib comdlg32.lib advapi32.lib shell32.lib ole32.lib oleaut32.lib uuid.lib odbc32.lib odbccp32.lib /MANIFEST /MANIFESTUAC:"level='asInvoker' uiAccess='false'" /manifest:embed /DEBUG /PDB:"D:\A通讯\TCPIP转ADS\Release\comm.pdb" /OPT:REF /OPT:ICF /LTCG /TLBID:1 /DYNAMICBASE /NXCOMPAT /IMPLIB:"D:\A通讯\TCPIP转ADS\Release\comm.lib" /MACHINE:X86 /SAFESEH Release\angle.obj
         Release\main.obj
         Release\ThreadX.obj
     1>main.obj : error LNK2001: 无法解析的外部符号 _AdsPortOpen@0
     1>main.obj : error LNK2001: 无法解析的外部符号 _AdsSyncReadWriteReq@28
     1>main.obj : error LNK2001: 无法解析的外部符号 _AdsGetLocalAddress@4
     1>D:\A通讯\TCPIP转ADS\Release\comm.exe : fatal error LNK1120: 3 个无法解析的外部命令
     1>已完成生成项目“D:\A通讯\TCPIP转ADS\comm\comm.vcxproj”(Build 个目标)的操作 - 失败。

生成失败。

已用时间 00:00:02.48
