c:\users\admin\desktop\备份\tcp在自己的电脑测试\服务器\tcpip转ads\comm\debug\vc120.pdb
c:\users\admin\desktop\备份\tcp在自己的电脑测试\服务器\tcpip转ads\comm\debug\vc120.idb
c:\users\admin\desktop\备份\tcp在自己的电脑测试\服务器\tcpip转ads\comm\debug\angle.obj
c:\users\admin\desktop\备份\tcp在自己的电脑测试\服务器\tcpip转ads\comm\debug\main.obj
c:\users\admin\desktop\备份\tcp在自己的电脑测试\服务器\tcpip转ads\comm\debug\threadx.obj
c:\users\admin\desktop\备份\tcp在自己的电脑测试\服务器\tcpip转ads\comm\debug\vc141.idb
c:\users\admin\desktop\备份\tcp在自己的电脑测试\服务器\tcpip转ads\comm\debug\vc141.pdb
c:\users\admin\desktop\备份\tcp在自己的电脑测试\服务器\tcpip转ads\debug\comm.pdb
c:\users\admin\desktop\备份\tcp在自己的电脑测试\服务器\tcpip转ads\comm\debug\comm.tlog\cl.command.1.tlog
c:\users\admin\desktop\备份\tcp在自己的电脑测试\服务器\tcpip转ads\comm\debug\comm.tlog\cl.read.1.tlog
c:\users\admin\desktop\备份\tcp在自己的电脑测试\服务器\tcpip转ads\comm\debug\comm.tlog\cl.write.1.tlog
c:\users\admin\desktop\备份\tcp在自己的电脑测试\服务器\tcpip转ads\comm\debug\comm.tlog\link-cvtres.read.1.tlog
c:\users\admin\desktop\备份\tcp在自己的电脑测试\服务器\tcpip转ads\comm\debug\comm.tlog\link-cvtres.write.1.tlog
c:\users\admin\desktop\备份\tcp在自己的电脑测试\服务器\tcpip转ads\comm\debug\comm.tlog\link-mt.read.1.tlog
c:\users\admin\desktop\备份\tcp在自己的电脑测试\服务器\tcpip转ads\comm\debug\comm.tlog\link-mt.write.1.tlog
c:\users\admin\desktop\备份\tcp在自己的电脑测试\服务器\tcpip转ads\comm\debug\comm.tlog\link-rc.read.1.tlog
c:\users\admin\desktop\备份\tcp在自己的电脑测试\服务器\tcpip转ads\comm\debug\comm.tlog\link-rc.write.1.tlog
c:\users\admin\desktop\备份\tcp在自己的电脑测试\服务器\tcpip转ads\comm\debug\comm.tlog\link.8944-cvtres.read.1.tlog
c:\users\admin\desktop\备份\tcp在自己的电脑测试\服务器\tcpip转ads\comm\debug\comm.tlog\link.8944-cvtres.write.1.tlog
c:\users\admin\desktop\备份\tcp在自己的电脑测试\服务器\tcpip转ads\comm\debug\comm.tlog\link.8944-mt.read.1.tlog
c:\users\admin\desktop\备份\tcp在自己的电脑测试\服务器\tcpip转ads\comm\debug\comm.tlog\link.8944-mt.write.1.tlog
c:\users\admin\desktop\备份\tcp在自己的电脑测试\服务器\tcpip转ads\comm\debug\comm.tlog\link.8944-rc.read.1.tlog
c:\users\admin\desktop\备份\tcp在自己的电脑测试\服务器\tcpip转ads\comm\debug\comm.tlog\link.8944-rc.write.1.tlog
c:\users\admin\desktop\备份\tcp在自己的电脑测试\服务器\tcpip转ads\comm\debug\comm.tlog\link.8944.read.1.tlog
c:\users\admin\desktop\备份\tcp在自己的电脑测试\服务器\tcpip转ads\comm\debug\comm.tlog\link.8944.write.1.tlog
c:\users\admin\desktop\备份\tcp在自己的电脑测试\服务器\tcpip转ads\comm\debug\comm.tlog\link.command.1.tlog
c:\users\admin\desktop\备份\tcp在自己的电脑测试\服务器\tcpip转ads\comm\debug\comm.tlog\link.read.1.tlog
c:\users\admin\desktop\备份\tcp在自己的电脑测试\服务器\tcpip转ads\comm\debug\comm.tlog\link.write.1.tlog
